<?xml version="1.0" encoding="UTF-8"?>
<!-- Generated by org.testng.reporters.JUnitXMLReporter -->
<testsuite hostname="TIGER" ignored="0" name="Test" tests="8" failures="0" timestamp="29 Jul 2020 05:51:07 GMT" time="92.617" errors="0">
  <testcase name="testA" time="23.438" classname="handling_Tables.Assignments_Tables"/>
  <testcase name="testA" time="16.437" classname="handling_Tables.CountNoOfCells"/>
  <testcase name="testA" time="7.783" classname="handling_Tables.CountNoOfColumns"/>
  <testcase name="testA" time="7.156" classname="handling_Tables.CountNoOfRows"/>
  <testcase name="testA" time="10.858" classname="handling_Tables.CountTables"/>
  <testcase name="testA" time="7.975" classname="handling_Tables.PrintContentOfAllTables"/>
  <testcase name="testA" time="7.673" classname="handling_Tables.PrintOnlyNumbers"/>
  <testcase name="testA" time="11.22" classname="handling_Tables.PrintOnlyText"/>
</testsuite> <!-- Test -->
