<?xml version="1.0" encoding="UTF-8"?>
<testng-results skipped="0" failed="0" ignored="0" total="1" passed="1">
  <reporter-output>
  </reporter-output>
  <suite name="Default suite" duration-ms="73528" started-at="2020-07-31T05:16:20Z" finished-at="2020-07-31T05:17:34Z">
    <groups>
    </groups>
    <test name="Default test" duration-ms="73528" started-at="2020-07-31T05:16:20Z" finished-at="2020-07-31T05:17:34Z">
      <class name="Test.ActiTimeCreateChart">
        <test-method status="PASS" signature="actiTimeCreateChart()[pri:0, instance:Test.ActiTimeCreateChart@42d80b78]" name="actiTimeCreateChart" duration-ms="73474" started-at="2020-07-31T05:16:20Z" finished-at="2020-07-31T05:17:34Z">
          <reporter-output>
          </reporter-output>
        </test-method> <!-- actiTimeCreateChart -->
      </class> <!-- Test.ActiTimeCreateChart -->
    </test> <!-- Default test -->
  </suite> <!-- Default suite -->
</testng-results>
